Product Name : Windows 10
OS - Windows

Python 3.9.6

aiohttp==3.8.5
aiosignal==1.3.1
annotated-types==0.6.0
appdirs==1.4.4
appnope==0.1.3
argon2-cffi==21.3.0
argon2-cffi-bindings==21.2.0
astor==0.8.1
asttokens==2.0.8
async-timeout==4.0.3
attrs==22.1.0
autograd==1.6.2
autograd-gamma==0.5.0
backcall==0.2.0
beautifulsoup4==4.11.1
bleach==5.0.1
certifi==2022.6.15
cffi==1.15.1
charset-normalizer==3.2.0
ConfigArgParse==1.7
connection-pool==0.0.3
contourpy==1.0.5
cycler==0.11.0
dacite==1.8.1
datrie==0.8.2
debugpy==1.6.3
decorator==5.1.1
defusedxml==0.7.1
docutils==0.20.1
dpath==2.1.6
entrypoints==0.4
executing==0.10.0
fastjsonschema==2.16.1
filelock==3.12.3
fonttools==4.37.3
formulaic==0.6.4
frozenlist==1.4.0
fsspec==2023.9.0
future==0.18.3
gitdb==4.0.10
GitPython==3.1.36
htmlmin==0.1.12
humanfriendly==10.0
idna==3.4
ImageHash==4.3.1
imageio==2.22.2
interface-meta==1.3.0
ipykernel==6.15.1
ipython==8.4.0
ipython-genutils==0.2.0
ipywidgets==8.0.1
ISLP==0.3.19
jedi==0.18.1
Jinja2==3.1.2
joblib==1.2.0
jsonschema==4.14.0
jupyter==1.0.0
jupyter-client==7.3.4
jupyter-console==6.4.4
jupyter-core==4.11.1
jupyterlab-pygments==0.2.2
jupyterlab-widgets==3.0.2
kiwisolver==1.4.4
lifelines==0.27.7
lightning-utilities==0.9.0
llvmlite==0.41.1
lxml==4.9.1
MarkupSafe==2.1.1
matplotlib==3.6.0
matplotlib-inline==0.1.6
mistune==2.0.4
mpmath==1.3.0
multidict==6.0.4
multimethod==1.10
nbclient==0.6.7
nbconvert==7.0.0
nbformat==5.4.0
nest-asyncio==1.5.5
networkx==2.8.7
notebook==6.4.12
numba==0.58.1
numpy==1.24.4
packaging==21.3
pandas==1.4.3
pandocfilters==1.5.0
parso==0.8.3
patsy==0.5.3
pexpect==4.8.0
phik==0.12.3